-------------------------------------------------------------------------------
Test set: com.example.calculatortest.TestCalculator
-------------------------------------------------------------------------------
Tests run: 3, Failures: 1, Errors: 0, Skipped: 0, Time elapsed: 0.097 s <<< FAILURE! - in com.example.calculatortest.TestCalculator
testCalculateMock  Time elapsed: 0.015 s  <<< FAILURE!
org.opentest4j.AssertionFailedError: expected: <9> but was: <Not existing rights!>
	at com.example.calculatortest.TestCalculator.testCalculateMock(TestCalculator.java:54)

